<?xml version="1.0" encoding="UTF-8"?>
<testng-results skipped="0" failed="0" ignored="0" total="1" passed="1">
  <reporter-output>
  </reporter-output>
  <suite name="Default suite" duration-ms="22078" started-at="2020-07-17T09:46:17Z" finished-at="2020-07-17T09:46:39Z">
    <groups>
    </groups>
    <test name="Default test" duration-ms="22078" started-at="2020-07-17T09:46:17Z" finished-at="2020-07-17T09:46:39Z">
      <class name="ActionsDemo">
        <test-method status="PASS" signature="test()[pri:0, instance:ActionsDemo@5e5792a0]" name="test" duration-ms="22030" started-at="2020-07-17T15:16:17Z" finished-at="2020-07-17T15:16:39Z">
          <reporter-output>
          </reporter-output>
        </test-method> <!-- test -->
      </class> <!-- ActionsDemo -->
    </test> <!-- Default test -->
  </suite> <!-- Default suite -->
</testng-results>
